<?xml version="1.0" encoding="UTF-8"?>
<testsuite name="com.backend.musicservice.services.AlbumServiceTests" tests="4" skipped="0" failures="0" errors="0" timestamp="2023-05-20T19:31:44" hostname="DESKTOP-NA7IMDO" time="0.492">
  <properties/>
  <testcase name="testCreateAlbum()" classname="com.backend.musicservice.services.AlbumServiceTests" time="0.484"/>
  <testcase name="testGetAllAlbums()" classname="com.backend.musicservice.services.AlbumServiceTests" time="0.002"/>
  <testcase name="testGetAlbumsByArtistId()" classname="com.backend.musicservice.services.AlbumServiceTests" time="0.002"/>
  <testcase name="testGetAlbumById()" classname="com.backend.musicservice.services.AlbumServiceTests" time="0.003"/>
  <system-out><![CDATA[]]></system-out>
  <system-err><![CDATA[]]></system-err>
</testsuite>
