<?xml version="1.0" encoding="UTF-8"?>
<testsuite name="com.backend.musicservice.services.PlaylistServiceTests" tests="4" skipped="0" failures="0" errors="0" timestamp="2023-04-16T14:45:17" hostname="DESKTOP-3J2J7JK" time="0.056">
  <properties/>
  <testcase name="testGetPlaylistsOfUser()" classname="com.backend.musicservice.services.PlaylistServiceTests" time="0.046"/>
  <testcase name="testGetAllPlaylists()" classname="com.backend.musicservice.services.PlaylistServiceTests" time="0.001"/>
  <testcase name="testCreatePlaylist()" classname="com.backend.musicservice.services.PlaylistServiceTests" time="0.005"/>
  <testcase name="testGetPlaylistById()" classname="com.backend.musicservice.services.PlaylistServiceTests" time="0.002"/>
  <system-out><![CDATA[]]></system-out>
  <system-err><![CDATA[]]></system-err>
</testsuite>
