<?xml version="1.0" encoding="UTF-8"?>
<testsuite name="com.backend.musicservice.entities.AlbumTests" tests="7" skipped="0" failures="0" errors="0" timestamp="2023-05-03T20:28:30" hostname="DESKTOP-3J2J7JK" time="0.029">
  <properties/>
  <testcase name="testSetDurationGetDuration()" classname="com.backend.musicservice.entities.AlbumTests" time="0.018"/>
  <testcase name="testSetCreatedAtGetCreatedAt()" classname="com.backend.musicservice.entities.AlbumTests" time="0.006"/>
  <testcase name="testAlbumConstructor()" classname="com.backend.musicservice.entities.AlbumTests" time="0.0"/>
  <testcase name="testSetIdGetId()" classname="com.backend.musicservice.entities.AlbumTests" time="0.0"/>
  <testcase name="testNrOfSongsGetNrOfSongs()" classname="com.backend.musicservice.entities.AlbumTests" time="0.0"/>
  <testcase name="testSetNameGetName()" classname="com.backend.musicservice.entities.AlbumTests" time="0.0"/>
  <testcase name="testSetArtistIdGetArtistId()" classname="com.backend.musicservice.entities.AlbumTests" time="0.0"/>
  <system-out><![CDATA[]]></system-out>
  <system-err><![CDATA[]]></system-err>
</testsuite>
