<?xml version="1.0" encoding="UTF-8"?>
<testsuite name="com.backend.musicservice.entities.SongTests" tests="11" skipped="0" failures="0" errors="0" timestamp="2023-04-16T14:45:17" hostname="DESKTOP-3J2J7JK" time="0.008">
  <properties/>
  <testcase name="testSetAlbumIdGetAlbumId()" classname="com.backend.musicservice.entities.SongTests" time="0.001"/>
  <testcase name="testSetPlaysGetPlays()" classname="com.backend.musicservice.entities.SongTests" time="0.0"/>
  <testcase name="testSetDurationGetDuration()" classname="com.backend.musicservice.entities.SongTests" time="0.0"/>
  <testcase name="testSetGenreGetGenre()" classname="com.backend.musicservice.entities.SongTests" time="0.0"/>
  <testcase name="testSongConstructor()" classname="com.backend.musicservice.entities.SongTests" time="0.001"/>
  <testcase name="testSetIdGetId()" classname="com.backend.musicservice.entities.SongTests" time="0.001"/>
  <testcase name="testSetReleasedOnGetReleasedOn()" classname="com.backend.musicservice.entities.SongTests" time="0.0"/>
  <testcase name="testSetNameGetName()" classname="com.backend.musicservice.entities.SongTests" time="0.001"/>
  <testcase name="testEquals()" classname="com.backend.musicservice.entities.SongTests" time="0.0"/>
  <testcase name="testSetPictureGetPicture()" classname="com.backend.musicservice.entities.SongTests" time="0.001"/>
  <testcase name="testSetArtistIdGetArtistId()" classname="com.backend.musicservice.entities.SongTests" time="0.0"/>
  <system-out><![CDATA[]]></system-out>
  <system-err><![CDATA[]]></system-err>
</testsuite>
