<?xml version="1.0" encoding="UTF-8"?>
<testsuite name="com.backend.musicservice.entities.AlbumTests" tests="7" skipped="0" failures="0" errors="0" timestamp="2023-04-16T14:45:17" hostname="DESKTOP-3J2J7JK" time="0.019">
  <properties/>
  <testcase name="testSetDurationGetDuration()" classname="com.backend.musicservice.entities.AlbumTests" time="0.005"/>
  <testcase name="testAlbumConstructor()" classname="com.backend.musicservice.entities.AlbumTests" time="0.005"/>
  <testcase name="testSetIdGetId()" classname="com.backend.musicservice.entities.AlbumTests" time="0.001"/>
  <testcase name="testSetReleasedOnGetReleasedOn()" classname="com.backend.musicservice.entities.AlbumTests" time="0.001"/>
  <testcase name="testNrOfSongsGetNrOfSongs()" classname="com.backend.musicservice.entities.AlbumTests" time="0.0"/>
  <testcase name="testSetNameGetName()" classname="com.backend.musicservice.entities.AlbumTests" time="0.0"/>
  <testcase name="testSetArtistIdGetArtistId()" classname="com.backend.musicservice.entities.AlbumTests" time="0.001"/>
  <system-out><![CDATA[]]></system-out>
  <system-err><![CDATA[]]></system-err>
</testsuite>
