<?xml version="1.0" encoding="UTF-8"?>
<testsuite name="com.backend.musicservice.entities.SongTests" tests="9" skipped="0" failures="0" errors="0" timestamp="2023-05-20T19:31:44" hostname="DESKTOP-NA7IMDO" time="0.004">
  <properties/>
  <testcase name="testSetAlbumIdGetAlbumId()" classname="com.backend.musicservice.entities.SongTests" time="0.0"/>
  <testcase name="testSetPlaysGetPlays()" classname="com.backend.musicservice.entities.SongTests" time="0.0"/>
  <testcase name="testSetDurationGetDuration()" classname="com.backend.musicservice.entities.SongTests" time="0.001"/>
  <testcase name="testSetGenreGetGenre()" classname="com.backend.musicservice.entities.SongTests" time="0.0"/>
  <testcase name="testSetIdGetId()" classname="com.backend.musicservice.entities.SongTests" time="0.0"/>
  <testcase name="testSetNameGetName()" classname="com.backend.musicservice.entities.SongTests" time="0.0"/>
  <testcase name="testEquals()" classname="com.backend.musicservice.entities.SongTests" time="0.001"/>
  <testcase name="testSetPictureGetPicture()" classname="com.backend.musicservice.entities.SongTests" time="0.0"/>
  <testcase name="testSetArtistIdGetArtistId()" classname="com.backend.musicservice.entities.SongTests" time="0.0"/>
  <system-out><![CDATA[]]></system-out>
  <system-err><![CDATA[]]></system-err>
</testsuite>
