<?xml version="1.0" encoding="UTF-8"?>
<testsuite name="com.backend.musicservice.services.SongServiceTests" tests="3" skipped="0" failures="0" errors="0" timestamp="2023-05-03T20:28:31" hostname="DESKTOP-3J2J7JK" time="0.076">
  <properties/>
  <testcase name="testGetSongById()" classname="com.backend.musicservice.services.SongServiceTests" time="0.07"/>
  <testcase name="testGetAllSongs()" classname="com.backend.musicservice.services.SongServiceTests" time="0.002"/>
  <testcase name="testCreateSong()" classname="com.backend.musicservice.services.SongServiceTests" time="0.003"/>
  <system-out><![CDATA[]]></system-out>
  <system-err><![CDATA[]]></system-err>
</testsuite>
