<?xml version="1.0" encoding="UTF-8"?>
<testsuite name="com.backend.musicservice.controllers.SongControllerTests" tests="3" skipped="0" failures="0" errors="0" timestamp="2023-04-16T17:01:06" hostname="LAPTOP-B5B6RA7N" time="0.033">
  <properties/>
  <testcase name="testGetSongById()" classname="com.backend.musicservice.controllers.SongControllerTests" time="0.012"/>
  <testcase name="testGetAllSongs()" classname="com.backend.musicservice.controllers.SongControllerTests" time="0.009"/>
  <testcase name="testCreateSong()" classname="com.backend.musicservice.controllers.SongControllerTests" time="0.01"/>
  <system-out><![CDATA[
  .   ____          _            __ _ _
 /\\ / ___'_ __ _ _(_)_ __  __ _ \ \ \ \
( ( )\___ | '_ | '_| | '_ \/ _` | \ \ \ \
 \\/  ___)| |_)| | | | | || (_| |  ) ) ) )
  '  |____| .__|_| |_|_| |_\__, | / / / /
 =========|_|==============|___/=/_/_/_/
 :: Spring Boot ::                (v3.0.2)

2023-04-16T19:01:06.454+02:00  INFO 10644 --- [    Test worker] c.b.m.controllers.SongControllerTests    : Starting SongControllerTests using Java 17.0.2 with PID 10644 (started by Matei Mitran in C:\Users\Matei Mitran\Desktop\S6-YouSound\backend\yousound\music-service)
2023-04-16T19:01:06.455+02:00  INFO 10644 --- [    Test worker] c.b.m.controllers.SongControllerTests    : No active profile set, falling back to 1 default profile: "default"
2023-04-16T19:01:06.676+02:00  INFO 10644 --- [    Test worker] o.s.b.t.m.w.SpringBootMockServletContext : Initializing Spring TestDispatcherServlet ''
2023-04-16T19:01:06.676+02:00  INFO 10644 --- [    Test worker] o.s.t.web.servlet.TestDispatcherServlet  : Initializing Servlet ''
2023-04-16T19:01:06.677+02:00  INFO 10644 --- [    Test worker] o.s.t.web.servlet.TestDispatcherServlet  : Completed initialization in 1 ms
2023-04-16T19:01:06.682+02:00  INFO 10644 --- [    Test worker] c.b.m.controllers.SongControllerTests    : Started SongControllerTests in 0.259 seconds (process running for 4.66)
]]></system-out>
  <system-err><![CDATA[]]></system-err>
</testsuite>
