<?xml version="1.0" encoding="UTF-8"?>
<testsuite name="com.backend.musicservice.services.SongServiceTests" tests="3" skipped="0" failures="0" errors="0" timestamp="2023-04-16T17:01:06" hostname="LAPTOP-B5B6RA7N" time="0.036">
  <properties/>
  <testcase name="testGetSongById()" classname="com.backend.musicservice.services.SongServiceTests" time="0.033"/>
  <testcase name="testGetAllSongs()" classname="com.backend.musicservice.services.SongServiceTests" time="0.002"/>
  <testcase name="testCreateSong()" classname="com.backend.musicservice.services.SongServiceTests" time="0.001"/>
  <system-out><![CDATA[]]></system-out>
  <system-err><![CDATA[]]></system-err>
</testsuite>
