<?xml version="1.0" encoding="UTF-8"?>
<testsuite name="com.backend.musicservice.controllers.AlbumControllerTests" tests="4" skipped="0" failures="0" errors="0" timestamp="2023-04-16T17:01:05" hostname="LAPTOP-B5B6RA7N" time="0.361">
  <properties/>
  <testcase name="testFindAlbumById()" classname="com.backend.musicservice.controllers.AlbumControllerTests" time="0.291"/>
  <testcase name="testCreateAlbum()" classname="com.backend.musicservice.controllers.AlbumControllerTests" time="0.042"/>
  <testcase name="testFindAlbums()" classname="com.backend.musicservice.controllers.AlbumControllerTests" time="0.01"/>
  <testcase name="testGetAllAlbumsByArtist()" classname="com.backend.musicservice.controllers.AlbumControllerTests" time="0.013"/>
  <system-out><![CDATA[19:01:03.249 [Test worker] DEBUG org.springframework.test.context.support.AbstractContextLoader - Could not detect default resource locations for test class [com.backend.musicservice.controllers.AlbumControllerTests]: no resource found for suffixes {-context.xml, Context.groovy}.
19:01:03.309 [Test worker] DEBUG org.springframework.boot.test.autoconfigure.web.servlet.WebMvcTestContextBootstrapper - Using ContextCustomizers for test class [AlbumControllerTests]: [DisableAutoConfigurationContextCustomizer, DisableObservabilityContextCustomizer, TypeExcludeFiltersContextCustomizer, PropertyMappingContextCustomizer, Customizer, ImportsContextCustomizer, ExcludeFilterContextCustomizer, DuplicateJsonObjectContextCustomizer, MockitoContextCustomizer]
19:01:03.352 [Test worker] DEBUG org.springframework.boot.test.autoconfigure.web.servlet.WebMvcTestContextBootstrapper - Using TestExecutionListeners for test class [AlbumControllerTests]: [ServletTestExecutionListener, DirtiesContextBeforeModesTestExecutionListener, ApplicationEventsTestExecutionListener, MockitoTestExecutionListener, DependencyInjectionTestExecutionListener, DirtiesContextTestExecutionListener, TransactionalTestExecutionListener, SqlScriptsTestExecutionListener, EventPublishingTestExecutionListener, RestDocsTestExecutionListener, MockRestServiceServerResetTestExecutionListener, MockMvcPrintOnlyOnFailureTestExecutionListener, WebDriverTestExecutionListener, MockWebServiceServerTestExecutionListener, ResetMocksTestExecutionListener]
19:01:03.354 [Test worker] DEBUG org.springframework.test.context.support.AbstractDirtiesContextTestExecutionListener - Before test class: class [AlbumControllerTests], class annotated with @DirtiesContext [false] with mode [null]

  .   ____          _            __ _ _
 /\\ / ___'_ __ _ _(_)_ __  __ _ \ \ \ \
( ( )\___ | '_ | '_| | '_ \/ _` | \ \ \ \
 \\/  ___)| |_)| | | | | || (_| |  ) ) ) )
  '  |____| .__|_| |_|_| |_\__, | / / / /
 =========|_|==============|___/=/_/_/_/
 :: Spring Boot ::                (v3.0.2)

2023-04-16T19:01:03.832+02:00  INFO 10644 --- [    Test worker] c.b.m.controllers.AlbumControllerTests   : Starting AlbumControllerTests using Java 17.0.2 with PID 10644 (started by Matei Mitran in C:\Users\Matei Mitran\Desktop\S6-YouSound\backend\yousound\music-service)
2023-04-16T19:01:03.834+02:00  INFO 10644 --- [    Test worker] c.b.m.controllers.AlbumControllerTests   : No active profile set, falling back to 1 default profile: "default"
2023-04-16T19:01:05.652+02:00  INFO 10644 --- [    Test worker] o.s.b.t.m.w.SpringBootMockServletContext : Initializing Spring TestDispatcherServlet ''
2023-04-16T19:01:05.652+02:00  INFO 10644 --- [    Test worker] o.s.t.web.servlet.TestDispatcherServlet  : Initializing Servlet ''
2023-04-16T19:01:05.655+02:00  INFO 10644 --- [    Test worker] o.s.t.web.servlet.TestDispatcherServlet  : Completed initialization in 2 ms
2023-04-16T19:01:05.694+02:00  INFO 10644 --- [    Test worker] c.b.m.controllers.AlbumControllerTests   : Started AlbumControllerTests in 2.274 seconds (process running for 3.672)
]]></system-out>
  <system-err><![CDATA[]]></system-err>
</testsuite>
