<?xml version="1.0" encoding="UTF-8"?>
<testsuite name="com.backend.musicservice.controllers.PlaylistControllerTests" tests="4" skipped="0" failures="0" errors="0" timestamp="2023-04-16T17:48:10" hostname="LAPTOP-B5B6RA7N" time="0.041">
  <properties/>
  <testcase name="testGetAllPlaylistsFromUser()" classname="com.backend.musicservice.controllers.PlaylistControllerTests" time="0.013"/>
  <testcase name="testGetAllPlaylists()" classname="com.backend.musicservice.controllers.PlaylistControllerTests" time="0.008"/>
  <testcase name="testCreatePlaylist()" classname="com.backend.musicservice.controllers.PlaylistControllerTests" time="0.011"/>
  <testcase name="testGetPlaylistById()" classname="com.backend.musicservice.controllers.PlaylistControllerTests" time="0.006"/>
  <system-out><![CDATA[
  .   ____          _            __ _ _
 /\\ / ___'_ __ _ _(_)_ __  __ _ \ \ \ \
( ( )\___ | '_ | '_| | '_ \/ _` | \ \ \ \
 \\/  ___)| |_)| | | | | || (_| |  ) ) ) )
  '  |____| .__|_| |_|_| |_\__, | / / / /
 =========|_|==============|___/=/_/_/_/
 :: Spring Boot ::                (v3.0.2)

2023-04-16T19:48:10.237+02:00  INFO 10584 --- [    Test worker] c.b.m.c.PlaylistControllerTests          : Starting PlaylistControllerTests using Java 17.0.2 with PID 10584 (started by Matei Mitran in C:\Users\Matei Mitran\Desktop\S6-YouSound\backend\yousound\music-service)
2023-04-16T19:48:10.237+02:00  INFO 10584 --- [    Test worker] c.b.m.c.PlaylistControllerTests          : No active profile set, falling back to 1 default profile: "default"
2023-04-16T19:48:10.507+02:00  INFO 10584 --- [    Test worker] o.s.b.t.m.w.SpringBootMockServletContext : Initializing Spring TestDispatcherServlet ''
2023-04-16T19:48:10.508+02:00  INFO 10584 --- [    Test worker] o.s.t.web.servlet.TestDispatcherServlet  : Initializing Servlet ''
2023-04-16T19:48:10.508+02:00  INFO 10584 --- [    Test worker] o.s.t.web.servlet.TestDispatcherServlet  : Completed initialization in 0 ms
2023-04-16T19:48:10.513+02:00  INFO 10584 --- [    Test worker] c.b.m.c.PlaylistControllerTests          : Started PlaylistControllerTests in 0.31 seconds (process running for 7.211)
]]></system-out>
  <system-err><![CDATA[]]></system-err>
</testsuite>
