<?xml version="1.0" encoding="UTF-8"?>
<testsuite name="com.backend.musicservice.controllers.AlbumControllerTests" tests="4" skipped="0" failures="0" errors="0" timestamp="2023-04-16T17:40:40" hostname="LAPTOP-B5B6RA7N" time="0.344">
  <properties/>
  <testcase name="testFindAlbumById()" classname="com.backend.musicservice.controllers.AlbumControllerTests" time="0.269"/>
  <testcase name="testCreateAlbum()" classname="com.backend.musicservice.controllers.AlbumControllerTests" time="0.049"/>
  <testcase name="testFindAlbums()" classname="com.backend.musicservice.controllers.AlbumControllerTests" time="0.009"/>
  <testcase name="testGetAllAlbumsByArtist()" classname="com.backend.musicservice.controllers.AlbumControllerTests" time="0.013"/>
  <system-out><![CDATA[19:40:38.076 [Test worker] DEBUG org.springframework.test.context.support.AbstractContextLoader - Could not detect default resource locations for test class [com.backend.musicservice.controllers.AlbumControllerTests]: no resource found for suffixes {-context.xml, Context.groovy}.
19:40:38.148 [Test worker] DEBUG org.springframework.boot.test.autoconfigure.web.servlet.WebMvcTestContextBootstrapper - Using ContextCustomizers for test class [AlbumControllerTests]: [DisableAutoConfigurationContextCustomizer, DisableObservabilityContextCustomizer, TypeExcludeFiltersContextCustomizer, PropertyMappingContextCustomizer, Customizer, ImportsContextCustomizer, ExcludeFilterContextCustomizer, DuplicateJsonObjectContextCustomizer, MockitoContextCustomizer]
19:40:38.191 [Test worker] DEBUG org.springframework.boot.test.autoconfigure.web.servlet.WebMvcTestContextBootstrapper - Using TestExecutionListeners for test class [AlbumControllerTests]: [ServletTestExecutionListener, DirtiesContextBeforeModesTestExecutionListener, ApplicationEventsTestExecutionListener, MockitoTestExecutionListener, DependencyInjectionTestExecutionListener, DirtiesContextTestExecutionListener, TransactionalTestExecutionListener, SqlScriptsTestExecutionListener, EventPublishingTestExecutionListener, RestDocsTestExecutionListener, MockRestServiceServerResetTestExecutionListener, MockMvcPrintOnlyOnFailureTestExecutionListener, WebDriverTestExecutionListener, MockWebServiceServerTestExecutionListener, ResetMocksTestExecutionListener]
19:40:38.193 [Test worker] DEBUG org.springframework.test.context.support.AbstractDirtiesContextTestExecutionListener - Before test class: class [AlbumControllerTests], class annotated with @DirtiesContext [false] with mode [null]

  .   ____          _            __ _ _
 /\\ / ___'_ __ _ _(_)_ __  __ _ \ \ \ \
( ( )\___ | '_ | '_| | '_ \/ _` | \ \ \ \
 \\/  ___)| |_)| | | | | || (_| |  ) ) ) )
  '  |____| .__|_| |_|_| |_\__, | / / / /
 =========|_|==============|___/=/_/_/_/
 :: Spring Boot ::                (v3.0.2)

2023-04-16T19:40:38.691+02:00  INFO 2344 --- [    Test worker] c.b.m.controllers.AlbumControllerTests   : Starting AlbumControllerTests using Java 17.0.2 with PID 2344 (started by Matei Mitran in C:\Users\Matei Mitran\Desktop\S6-YouSound\backend\yousound\music-service)
2023-04-16T19:40:38.692+02:00  INFO 2344 --- [    Test worker] c.b.m.controllers.AlbumControllerTests   : No active profile set, falling back to 1 default profile: "default"
2023-04-16T19:40:40.541+02:00  INFO 2344 --- [    Test worker] o.s.b.t.m.w.SpringBootMockServletContext : Initializing Spring TestDispatcherServlet ''
2023-04-16T19:40:40.542+02:00  INFO 2344 --- [    Test worker] o.s.t.web.servlet.TestDispatcherServlet  : Initializing Servlet ''
2023-04-16T19:40:40.547+02:00  INFO 2344 --- [    Test worker] o.s.t.web.servlet.TestDispatcherServlet  : Completed initialization in 1 ms
2023-04-16T19:40:40.587+02:00  INFO 2344 --- [    Test worker] c.b.m.controllers.AlbumControllerTests   : Started AlbumControllerTests in 2.326 seconds (process running for 4.21)
]]></system-out>
  <system-err><![CDATA[]]></system-err>
</testsuite>
