<?xml version="1.0" encoding="UTF-8"?>
<testsuite name="com.backend.musicservice.controllers.SongControllerTests" tests="3" skipped="0" failures="0" errors="0" timestamp="2023-04-18T18:15:16" hostname="LAPTOP-B5B6RA7N" time="0.04">
  <properties/>
  <testcase name="testGetSongById()" classname="com.backend.musicservice.controllers.SongControllerTests" time="0.014"/>
  <testcase name="testGetAllSongs()" classname="com.backend.musicservice.controllers.SongControllerTests" time="0.011"/>
  <testcase name="testCreateSong()" classname="com.backend.musicservice.controllers.SongControllerTests" time="0.012"/>
  <system-out><![CDATA[
  .   ____          _            __ _ _
 /\\ / ___'_ __ _ _(_)_ __  __ _ \ \ \ \
( ( )\___ | '_ | '_| | '_ \/ _` | \ \ \ \
 \\/  ___)| |_)| | | | | || (_| |  ) ) ) )
  '  |____| .__|_| |_|_| |_\__, | / / / /
 =========|_|==============|___/=/_/_/_/
 :: Spring Boot ::                (v3.0.2)

2023-04-18T20:15:15.809+02:00  INFO 15496 --- [    Test worker] c.b.m.controllers.SongControllerTests    : Starting SongControllerTests using Java 17.0.2 with PID 15496 (started by Matei Mitran in C:\Users\Matei Mitran\Desktop\S6-YouSound\backend\yousound\music-service)
2023-04-18T20:15:15.809+02:00  INFO 15496 --- [    Test worker] c.b.m.controllers.SongControllerTests    : No active profile set, falling back to 1 default profile: "default"
2023-04-18T20:15:16.088+02:00  INFO 15496 --- [    Test worker] o.s.b.t.m.w.SpringBootMockServletContext : Initializing Spring TestDispatcherServlet ''
2023-04-18T20:15:16.088+02:00  INFO 15496 --- [    Test worker] o.s.t.web.servlet.TestDispatcherServlet  : Initializing Servlet ''
2023-04-18T20:15:16.089+02:00  INFO 15496 --- [    Test worker] o.s.t.web.servlet.TestDispatcherServlet  : Completed initialization in 1 ms
2023-04-18T20:15:16.095+02:00  INFO 15496 --- [    Test worker] c.b.m.controllers.SongControllerTests    : Started SongControllerTests in 0.317 seconds (process running for 4.814)
]]></system-out>
  <system-err><![CDATA[]]></system-err>
</testsuite>
