<?xml version="1.0" encoding="UTF-8"?>
<testsuite name="com.backend.musicservice.services.AlbumServiceTests" tests="4" skipped="0" failures="0" errors="0" timestamp="2023-04-17T11:03:13" hostname="LAPTOP-B5B6RA7N" time="0.103">
  <properties/>
  <testcase name="testCreateAlbum()" classname="com.backend.musicservice.services.AlbumServiceTests" time="0.093"/>
  <testcase name="testGetAllAlbums()" classname="com.backend.musicservice.services.AlbumServiceTests" time="0.002"/>
  <testcase name="testGetAlbumsByArtistId()" classname="com.backend.musicservice.services.AlbumServiceTests" time="0.001"/>
  <testcase name="testGetAlbumById()" classname="com.backend.musicservice.services.AlbumServiceTests" time="0.004"/>
  <system-out><![CDATA[]]></system-out>
  <system-err><![CDATA[]]></system-err>
</testsuite>
