<?xml version="1.0" encoding="UTF-8"?>
<testsuite name="com.backend.musicservice.entities.AlbumTests" tests="6" skipped="0" failures="0" errors="0" timestamp="2023-05-20T19:31:44" hostname="DESKTOP-NA7IMDO" time="0.023">
  <properties/>
  <testcase name="testSetDurationGetDuration()" classname="com.backend.musicservice.entities.AlbumTests" time="0.014"/>
  <testcase name="testSetCreatedAtGetCreatedAt()" classname="com.backend.musicservice.entities.AlbumTests" time="0.006"/>
  <testcase name="testSetIdGetId()" classname="com.backend.musicservice.entities.AlbumTests" time="0.001"/>
  <testcase name="testNrOfSongsGetNrOfSongs()" classname="com.backend.musicservice.entities.AlbumTests" time="0.0"/>
  <testcase name="testSetNameGetName()" classname="com.backend.musicservice.entities.AlbumTests" time="0.0"/>
  <testcase name="testSetArtistIdGetArtistId()" classname="com.backend.musicservice.entities.AlbumTests" time="0.0"/>
  <system-out><![CDATA[]]></system-out>
  <system-err><![CDATA[]]></system-err>
</testsuite>
