<?xml version="1.0" encoding="UTF-8"?>
<testsuite name="com.backend.musicservice.services.SongServiceTests" tests="3" skipped="0" failures="0" errors="0" timestamp="2023-05-20T19:31:45" hostname="DESKTOP-NA7IMDO" time="0.023">
  <properties/>
  <testcase name="testGetSongById()" classname="com.backend.musicservice.services.SongServiceTests" time="0.021"/>
  <testcase name="testGetAllSongs()" classname="com.backend.musicservice.services.SongServiceTests" time="0.001"/>
  <testcase name="testCreateSong()" classname="com.backend.musicservice.services.SongServiceTests" time="0.001"/>
  <system-out><![CDATA[]]></system-out>
  <system-err><![CDATA[]]></system-err>
</testsuite>
