<?xml version="1.0" encoding="UTF-8"?>
<testsuite name="com.backend.musicservice.services.AlbumServiceTests" tests="4" skipped="0" failures="0" errors="0" timestamp="2023-04-16T14:45:17" hostname="DESKTOP-3J2J7JK" time="0.125">
  <properties/>
  <testcase name="testCreateAlbum()" classname="com.backend.musicservice.services.AlbumServiceTests" time="0.11"/>
  <testcase name="testGetAllAlbums()" classname="com.backend.musicservice.services.AlbumServiceTests" time="0.006"/>
  <testcase name="testGetAlbumsByArtistId()" classname="com.backend.musicservice.services.AlbumServiceTests" time="0.003"/>
  <testcase name="testGetAlbumById()" classname="com.backend.musicservice.services.AlbumServiceTests" time="0.004"/>
  <system-out><![CDATA[]]></system-out>
  <system-err><![CDATA[]]></system-err>
</testsuite>
