<?xml version="1.0" encoding="UTF-8"?>
<testsuite name="com.backend.musicservice.services.AlbumServiceTests" tests="4" skipped="0" failures="0" errors="0" timestamp="2023-05-03T20:28:30" hostname="DESKTOP-3J2J7JK" time="0.972">
  <properties/>
  <testcase name="testCreateAlbum()" classname="com.backend.musicservice.services.AlbumServiceTests" time="0.957"/>
  <testcase name="testGetAllAlbums()" classname="com.backend.musicservice.services.AlbumServiceTests" time="0.003"/>
  <testcase name="testGetAlbumsByArtistId()" classname="com.backend.musicservice.services.AlbumServiceTests" time="0.003"/>
  <testcase name="testGetAlbumById()" classname="com.backend.musicservice.services.AlbumServiceTests" time="0.006"/>
  <system-out><![CDATA[]]></system-out>
  <system-err><![CDATA[]]></system-err>
</testsuite>
