<?xml version="1.0" encoding="UTF-8"?>
<testsuite name="com.backend.musicservice.controllers.SongControllerTests" tests="3" skipped="0" failures="0" errors="0" timestamp="2023-04-16T14:45:17" hostname="DESKTOP-3J2J7JK" time="0.054">
  <properties/>
  <testcase name="testGetSongById()" classname="com.backend.musicservice.controllers.SongControllerTests" time="0.019"/>
  <testcase name="testGetAllSongs()" classname="com.backend.musicservice.controllers.SongControllerTests" time="0.01"/>
  <testcase name="testCreateSong()" classname="com.backend.musicservice.controllers.SongControllerTests" time="0.019"/>
  <system-out><![CDATA[
  .   ____          _            __ _ _
 /\\ / ___'_ __ _ _(_)_ __  __ _ \ \ \ \
( ( )\___ | '_ | '_| | '_ \/ _` | \ \ \ \
 \\/  ___)| |_)| | | | | || (_| |  ) ) ) )
  '  |____| .__|_| |_|_| |_\__, | / / / /
 =========|_|==============|___/=/_/_/_/
 :: Spring Boot ::                (v3.0.2)

2023-04-16T16:45:17.356+02:00  INFO 17244 --- [    Test worker] c.b.m.controllers.SongControllerTests    : Starting SongControllerTests using Java 17.0.6 with PID 17244 (started by Mitran Matei in C:\Users\Mitran Matei\Desktop\Fontys\Semester 6\Individual\backend\yousound\music-service)
2023-04-16T16:45:17.357+02:00  INFO 17244 --- [    Test worker] c.b.m.controllers.SongControllerTests    : No active profile set, falling back to 1 default profile: "default"
2023-04-16T16:45:17.638+02:00  INFO 17244 --- [    Test worker] o.s.b.t.m.w.SpringBootMockServletContext : Initializing Spring TestDispatcherServlet ''
2023-04-16T16:45:17.638+02:00  INFO 17244 --- [    Test worker] o.s.t.web.servlet.TestDispatcherServlet  : Initializing Servlet ''
2023-04-16T16:45:17.639+02:00  INFO 17244 --- [    Test worker] o.s.t.web.servlet.TestDispatcherServlet  : Completed initialization in 1 ms
2023-04-16T16:45:17.643+02:00  INFO 17244 --- [    Test worker] c.b.m.controllers.SongControllerTests    : Started SongControllerTests in 0.317 seconds (process running for 4.357)
]]></system-out>
  <system-err><![CDATA[]]></system-err>
</testsuite>
