<?xml version="1.0" encoding="UTF-8"?>
<testsuite name="com.backend.userservicetests.controllers.CommunityControllerTests" tests="3" skipped="0" failures="0" errors="0" timestamp="2023-04-17T11:09:08" hostname="LAPTOP-B5B6RA7N" time="0.394">
  <properties/>
  <testcase name="testGetAllCommunities()" classname="com.backend.userservicetests.controllers.CommunityControllerTests" time="0.311"/>
  <testcase name="testCreateCommunity()" classname="com.backend.userservicetests.controllers.CommunityControllerTests" time="0.066"/>
  <testcase name="testGetCommunityById()" classname="com.backend.userservicetests.controllers.CommunityControllerTests" time="0.013"/>
  <system-out><![CDATA[13:09:05.397 [Test worker] DEBUG org.springframework.test.context.support.AbstractContextLoader - Could not detect default resource locations for test class [com.backend.userservicetests.controllers.CommunityControllerTests]: no resource found for suffixes {-context.xml, Context.groovy}.
13:09:05.476 [Test worker] DEBUG org.springframework.boot.test.autoconfigure.web.servlet.WebMvcTestContextBootstrapper - Using ContextCustomizers for test class [CommunityControllerTests]: [DisableAutoConfigurationContextCustomizer, DisableObservabilityContextCustomizer, TypeExcludeFiltersContextCustomizer, PropertyMappingContextCustomizer, Customizer, ImportsContextCustomizer, ExcludeFilterContextCustomizer, DuplicateJsonObjectContextCustomizer, MockitoContextCustomizer]
13:09:05.531 [Test worker] DEBUG org.springframework.boot.test.autoconfigure.web.servlet.WebMvcTestContextBootstrapper - Using TestExecutionListeners for test class [CommunityControllerTests]: [ServletTestExecutionListener, DirtiesContextBeforeModesTestExecutionListener, ApplicationEventsTestExecutionListener, MockitoTestExecutionListener, DependencyInjectionTestExecutionListener, DirtiesContextTestExecutionListener, TransactionalTestExecutionListener, SqlScriptsTestExecutionListener, EventPublishingTestExecutionListener, RestDocsTestExecutionListener, MockRestServiceServerResetTestExecutionListener, MockMvcPrintOnlyOnFailureTestExecutionListener, WebDriverTestExecutionListener, MockWebServiceServerTestExecutionListener, ResetMocksTestExecutionListener]
13:09:05.533 [Test worker] DEBUG org.springframework.test.context.support.AbstractDirtiesContextTestExecutionListener - Before test class: class [CommunityControllerTests], class annotated with @DirtiesContext [false] with mode [null]

  .   ____          _            __ _ _
 /\\ / ___'_ __ _ _(_)_ __  __ _ \ \ \ \
( ( )\___ | '_ | '_| | '_ \/ _` | \ \ \ \
 \\/  ___)| |_)| | | | | || (_| |  ) ) ) )
  '  |____| .__|_| |_|_| |_\__, | / / / /
 =========|_|==============|___/=/_/_/_/
 :: Spring Boot ::                (v3.0.2)

2023-04-17T13:09:06.056+02:00  INFO 21336 --- [    Test worker] c.b.u.c.CommunityControllerTests         : Starting CommunityControllerTests using Java 17.0.2 with PID 21336 (started by Matei Mitran in C:\Users\Matei Mitran\Desktop\S6-YouSound\backend\yousound\user-service)
2023-04-17T13:09:06.057+02:00  INFO 21336 --- [    Test worker] c.b.u.c.CommunityControllerTests         : No active profile set, falling back to 1 default profile: "default"
2023-04-17T13:09:08.662+02:00  INFO 21336 --- [    Test worker] o.s.b.t.m.w.SpringBootMockServletContext : Initializing Spring TestDispatcherServlet ''
2023-04-17T13:09:08.663+02:00  INFO 21336 --- [    Test worker] o.s.t.web.servlet.TestDispatcherServlet  : Initializing Servlet ''
2023-04-17T13:09:08.668+02:00  INFO 21336 --- [    Test worker] o.s.t.web.servlet.TestDispatcherServlet  : Completed initialization in 2 ms
2023-04-17T13:09:08.712+02:00  INFO 21336 --- [    Test worker] c.b.u.c.CommunityControllerTests         : Started CommunityControllerTests in 3.098 seconds (process running for 4.575)
]]></system-out>
  <system-err><![CDATA[]]></system-err>
</testsuite>
