<?xml version="1.0" encoding="UTF-8"?>
<testsuite name="com.backend.userservicetests.entities.CommunityTests" tests="4" skipped="0" failures="0" errors="0" timestamp="2023-05-03T20:28:38" hostname="DESKTOP-3J2J7JK" time="0.004">
  <properties/>
  <testcase name="testSetUserIdsGetUserIds()" classname="com.backend.userservicetests.entities.CommunityTests" time="0.002"/>
  <testcase name="testSetDescriptionGetDescription()" classname="com.backend.userservicetests.entities.CommunityTests" time="0.001"/>
  <testcase name="testSetIdGetId()" classname="com.backend.userservicetests.entities.CommunityTests" time="0.0"/>
  <testcase name="testSetArtistIdGetArtistId()" classname="com.backend.userservicetests.entities.CommunityTests" time="0.0"/>
  <system-out><![CDATA[]]></system-out>
  <system-err><![CDATA[]]></system-err>
</testsuite>
