<?xml version="1.0" encoding="UTF-8"?>
<testsuite name="com.backend.userservicetests.entities.UserTests" tests="4" skipped="0" failures="0" errors="0" timestamp="2023-04-16T12:35:37" hostname="DESKTOP-3J2J7JK" time="0.003">
  <properties/>
  <testcase name="testSetPasswordGetPassword()" classname="com.backend.userservicetests.entities.UserTests" time="0.001"/>
  <testcase name="testSetUsernameGetUsername()" classname="com.backend.userservicetests.entities.UserTests" time="0.001"/>
  <testcase name="testSetIdGetId()" classname="com.backend.userservicetests.entities.UserTests" time="0.0"/>
  <testcase name="testSetTypeGetType()" classname="com.backend.userservicetests.entities.UserTests" time="0.0"/>
  <system-out><![CDATA[]]></system-out>
  <system-err><![CDATA[]]></system-err>
</testsuite>
