<?xml version="1.0" encoding="UTF-8"?>
<testsuite name="com.backend.userservicetests.controllers.UserControllerTests" tests="3" skipped="0" failures="0" errors="0" timestamp="2023-04-17T11:09:09" hostname="LAPTOP-B5B6RA7N" time="0.033">
  <properties/>
  <testcase name="testGetAllUsers()" classname="com.backend.userservicetests.controllers.UserControllerTests" time="0.011"/>
  <testcase name="testUpdateUserRole()" classname="com.backend.userservicetests.controllers.UserControllerTests" time="0.014"/>
  <testcase name="testGetUserById()" classname="com.backend.userservicetests.controllers.UserControllerTests" time="0.006"/>
  <system-out><![CDATA[
  .   ____          _            __ _ _
 /\\ / ___'_ __ _ _(_)_ __  __ _ \ \ \ \
( ( )\___ | '_ | '_| | '_ \/ _` | \ \ \ \
 \\/  ___)| |_)| | | | | || (_| |  ) ) ) )
  '  |____| .__|_| |_|_| |_\__, | / / / /
 =========|_|==============|___/=/_/_/_/
 :: Spring Boot ::                (v3.0.2)

2023-04-17T13:09:09.168+02:00  INFO 21336 --- [    Test worker] c.b.u.controllers.UserControllerTests    : Starting UserControllerTests using Java 17.0.2 with PID 21336 (started by Matei Mitran in C:\Users\Matei Mitran\Desktop\S6-YouSound\backend\yousound\user-service)
2023-04-17T13:09:09.168+02:00  INFO 21336 --- [    Test worker] c.b.u.controllers.UserControllerTests    : No active profile set, falling back to 1 default profile: "default"
2023-04-17T13:09:09.428+02:00  INFO 21336 --- [    Test worker] o.s.b.t.m.w.SpringBootMockServletContext : Initializing Spring TestDispatcherServlet ''
2023-04-17T13:09:09.428+02:00  INFO 21336 --- [    Test worker] o.s.t.web.servlet.TestDispatcherServlet  : Initializing Servlet ''
2023-04-17T13:09:09.429+02:00  INFO 21336 --- [    Test worker] o.s.t.web.servlet.TestDispatcherServlet  : Completed initialization in 1 ms
2023-04-17T13:09:09.433+02:00  INFO 21336 --- [    Test worker] c.b.u.controllers.UserControllerTests    : Started UserControllerTests in 0.294 seconds (process running for 5.295)
]]></system-out>
  <system-err><![CDATA[]]></system-err>
</testsuite>
