<?xml version="1.0" encoding="UTF-8"?>
<testsuite name="com.backend.userservicetests.controllers.UserControllerTests" tests="3" skipped="0" failures="0" errors="0" timestamp="2023-04-16T12:35:37" hostname="DESKTOP-3J2J7JK" time="0.027">
  <properties/>
  <testcase name="testGetAllUsers()" classname="com.backend.userservicetests.controllers.UserControllerTests" time="0.009"/>
  <testcase name="testUpdateUserRole()" classname="com.backend.userservicetests.controllers.UserControllerTests" time="0.01"/>
  <testcase name="testGetUserById()" classname="com.backend.userservicetests.controllers.UserControllerTests" time="0.005"/>
  <system-out><![CDATA[
  .   ____          _            __ _ _
 /\\ / ___'_ __ _ _(_)_ __  __ _ \ \ \ \
( ( )\___ | '_ | '_| | '_ \/ _` | \ \ \ \
 \\/  ___)| |_)| | | | | || (_| |  ) ) ) )
  '  |____| .__|_| |_|_| |_\__, | / / / /
 =========|_|==============|___/=/_/_/_/
 :: Spring Boot ::                (v3.0.2)

2023-04-16T14:35:37.490+02:00  INFO 3984 --- [    Test worker] c.b.u.controllers.UserControllerTests    : Starting UserControllerTests using Java 17.0.6 with PID 3984 (started by Mitran Matei in C:\Users\Mitran Matei\Desktop\Fontys\Semester 6\Individual\backend\yousound\user-service)
2023-04-16T14:35:37.490+02:00  INFO 3984 --- [    Test worker] c.b.u.controllers.UserControllerTests    : No active profile set, falling back to 1 default profile: "default"
2023-04-16T14:35:37.681+02:00  INFO 3984 --- [    Test worker] o.s.b.t.m.w.SpringBootMockServletContext : Initializing Spring TestDispatcherServlet ''
2023-04-16T14:35:37.681+02:00  INFO 3984 --- [    Test worker] o.s.t.web.servlet.TestDispatcherServlet  : Initializing Servlet ''
2023-04-16T14:35:37.681+02:00  INFO 3984 --- [    Test worker] o.s.t.web.servlet.TestDispatcherServlet  : Completed initialization in 0 ms
2023-04-16T14:35:37.686+02:00  INFO 3984 --- [    Test worker] c.b.u.controllers.UserControllerTests    : Started UserControllerTests in 0.216 seconds (process running for 3.256)
]]></system-out>
  <system-err><![CDATA[]]></system-err>
</testsuite>
