<?xml version="1.0" encoding="UTF-8"?>
<testsuite name="com.backend.userservicetests.controllers.UserControllerTests" tests="3" skipped="0" failures="0" errors="0" timestamp="2023-05-03T20:28:38" hostname="DESKTOP-3J2J7JK" time="0.059">
  <properties/>
  <testcase name="testGetAllUsers()" classname="com.backend.userservicetests.controllers.UserControllerTests" time="0.032"/>
  <testcase name="testUpdateUserRole()" classname="com.backend.userservicetests.controllers.UserControllerTests" time="0.015"/>
  <testcase name="testGetUserById()" classname="com.backend.userservicetests.controllers.UserControllerTests" time="0.007"/>
  <system-out><![CDATA[
  .   ____          _            __ _ _
 /\\ / ___'_ __ _ _(_)_ __  __ _ \ \ \ \
( ( )\___ | '_ | '_| | '_ \/ _` | \ \ \ \
 \\/  ___)| |_)| | | | | || (_| |  ) ) ) )
  '  |____| .__|_| |_|_| |_\__, | / / / /
 =========|_|==============|___/=/_/_/_/
 :: Spring Boot ::                (v3.0.2)

2023-05-03T22:28:38.317+02:00  INFO 12572 --- [    Test worker] c.b.u.controllers.UserControllerTests    : Starting UserControllerTests using Java 17.0.6 with PID 12572 (started by Mitran Matei in C:\Users\Mitran Matei\Desktop\Fontys\Semester 6\S6-YouSound\backend\yousound\user-service)
2023-05-03T22:28:38.317+02:00  INFO 12572 --- [    Test worker] c.b.u.controllers.UserControllerTests    : No active profile set, falling back to 1 default profile: "default"
2023-05-03T22:28:38.602+02:00  INFO 12572 --- [    Test worker] o.s.b.t.m.w.SpringBootMockServletContext : Initializing Spring TestDispatcherServlet ''
2023-05-03T22:28:38.603+02:00  INFO 12572 --- [    Test worker] o.s.t.web.servlet.TestDispatcherServlet  : Initializing Servlet ''
2023-05-03T22:28:38.604+02:00  INFO 12572 --- [    Test worker] o.s.t.web.servlet.TestDispatcherServlet  : Completed initialization in 1 ms
2023-05-03T22:28:38.617+02:00  INFO 12572 --- [    Test worker] c.b.u.controllers.UserControllerTests    : Started UserControllerTests in 0.325 seconds (process running for 4.531)
]]></system-out>
  <system-err><![CDATA[]]></system-err>
</testsuite>
