<?xml version="1.0" encoding="UTF-8"?>
<testsuite name="com.backend.userservicetests.services.CommunityServiceTests" tests="6" skipped="0" failures="0" errors="0" timestamp="2023-04-17T11:09:09" hostname="LAPTOP-B5B6RA7N" time="0.04">
  <properties/>
  <testcase name="testDeleteCommunity()" classname="com.backend.userservicetests.services.CommunityServiceTests" time="0.014"/>
  <testcase name="testGetArtistIdOfCommunity()" classname="com.backend.userservicetests.services.CommunityServiceTests" time="0.004"/>
  <testcase name="testGetAllCommunities()" classname="com.backend.userservicetests.services.CommunityServiceTests" time="0.004"/>
  <testcase name="testCreateCommunity()" classname="com.backend.userservicetests.services.CommunityServiceTests" time="0.004"/>
  <testcase name="testGetCommunityFromId()" classname="com.backend.userservicetests.services.CommunityServiceTests" time="0.004"/>
  <testcase name="testCheckIfUserIsInCommunity()" classname="com.backend.userservicetests.services.CommunityServiceTests" time="0.004"/>
  <system-out><![CDATA[
  .   ____          _            __ _ _
 /\\ / ___'_ __ _ _(_)_ __  __ _ \ \ \ \
( ( )\___ | '_ | '_| | '_ \/ _` | \ \ \ \
 \\/  ___)| |_)| | | | | || (_| |  ) ) ) )
  '  |____| .__|_| |_|_| |_\__, | / / / /
 =========|_|==============|___/=/_/_/_/
 :: Spring Boot ::                (v3.0.2)

2023-04-17T13:09:09.522+02:00  INFO 21336 --- [    Test worker] c.b.u.services.CommunityServiceTests     : Starting CommunityServiceTests using Java 17.0.2 with PID 21336 (started by Matei Mitran in C:\Users\Matei Mitran\Desktop\S6-YouSound\backend\yousound\user-service)
2023-04-17T13:09:09.522+02:00  INFO 21336 --- [    Test worker] c.b.u.services.CommunityServiceTests     : No active profile set, falling back to 1 default profile: "default"
2023-04-17T13:09:09.660+02:00  INFO 21336 --- [    Test worker] c.b.u.services.CommunityServiceTests     : Started CommunityServiceTests in 0.167 seconds (process running for 5.524)
]]></system-out>
  <system-err><![CDATA[]]></system-err>
</testsuite>
