<?xml version="1.0" encoding="UTF-8"?>
<testsuite name="com.backend.userservicetests.controllers.CommunityControllerTests" tests="3" skipped="0" failures="0" errors="0" timestamp="2023-05-03T20:28:37" hostname="DESKTOP-3J2J7JK" time="0.316">
  <properties/>
  <testcase name="testGetAllCommunities()" classname="com.backend.userservicetests.controllers.CommunityControllerTests" time="0.237"/>
  <testcase name="testCreateCommunity()" classname="com.backend.userservicetests.controllers.CommunityControllerTests" time="0.055"/>
  <testcase name="testGetCommunityById()" classname="com.backend.userservicetests.controllers.CommunityControllerTests" time="0.019"/>
  <system-out><![CDATA[22:28:35.166 [Test worker] DEBUG org.springframework.test.context.support.AbstractContextLoader - Could not detect default resource locations for test class [com.backend.userservicetests.controllers.CommunityControllerTests]: no resource found for suffixes {-context.xml, Context.groovy}.
22:28:35.232 [Test worker] DEBUG org.springframework.boot.test.autoconfigure.web.servlet.WebMvcTestContextBootstrapper - Using ContextCustomizers for test class [CommunityControllerTests]: [DisableAutoConfigurationContextCustomizer, DisableObservabilityContextCustomizer, TypeExcludeFiltersContextCustomizer, PropertyMappingContextCustomizer, Customizer, ImportsContextCustomizer, ExcludeFilterContextCustomizer, DuplicateJsonObjectContextCustomizer, MockitoContextCustomizer]
22:28:35.264 [Test worker] DEBUG org.springframework.boot.test.autoconfigure.web.servlet.WebMvcTestContextBootstrapper - Using TestExecutionListeners for test class [CommunityControllerTests]: [ServletTestExecutionListener, DirtiesContextBeforeModesTestExecutionListener, ApplicationEventsTestExecutionListener, MockitoTestExecutionListener, DependencyInjectionTestExecutionListener, DirtiesContextTestExecutionListener, TransactionalTestExecutionListener, SqlScriptsTestExecutionListener, EventPublishingTestExecutionListener, RestDocsTestExecutionListener, MockRestServiceServerResetTestExecutionListener, MockMvcPrintOnlyOnFailureTestExecutionListener, WebDriverTestExecutionListener, MockWebServiceServerTestExecutionListener, ResetMocksTestExecutionListener]
22:28:35.265 [Test worker] DEBUG org.springframework.test.context.support.AbstractDirtiesContextTestExecutionListener - Before test class: class [CommunityControllerTests], class annotated with @DirtiesContext [false] with mode [null]

  .   ____          _            __ _ _
 /\\ / ___'_ __ _ _(_)_ __  __ _ \ \ \ \
( ( )\___ | '_ | '_| | '_ \/ _` | \ \ \ \
 \\/  ___)| |_)| | | | | || (_| |  ) ) ) )
  '  |____| .__|_| |_|_| |_\__, | / / / /
 =========|_|==============|___/=/_/_/_/
 :: Spring Boot ::                (v3.0.2)

2023-05-03T22:28:35.640+02:00  INFO 12572 --- [    Test worker] c.b.u.c.CommunityControllerTests         : Starting CommunityControllerTests using Java 17.0.6 with PID 12572 (started by Mitran Matei in C:\Users\Mitran Matei\Desktop\Fontys\Semester 6\S6-YouSound\backend\yousound\user-service)
2023-05-03T22:28:35.642+02:00  INFO 12572 --- [    Test worker] c.b.u.c.CommunityControllerTests         : No active profile set, falling back to 1 default profile: "default"
2023-05-03T22:28:37.893+02:00  INFO 12572 --- [    Test worker] o.s.b.t.m.w.SpringBootMockServletContext : Initializing Spring TestDispatcherServlet ''
2023-05-03T22:28:37.894+02:00  INFO 12572 --- [    Test worker] o.s.t.web.servlet.TestDispatcherServlet  : Initializing Servlet ''
2023-05-03T22:28:37.901+02:00  INFO 12572 --- [    Test worker] o.s.t.web.servlet.TestDispatcherServlet  : Completed initialization in 4 ms
2023-05-03T22:28:37.941+02:00  INFO 12572 --- [    Test worker] c.b.u.c.CommunityControllerTests         : Started CommunityControllerTests in 2.63 seconds (process running for 3.855)
]]></system-out>
  <system-err><![CDATA[]]></system-err>
</testsuite>
