<?xml version="1.0" encoding="UTF-8"?>
<testsuite name="com.backend.userservicetests.services.CommunityServiceTests" tests="6" skipped="0" failures="0" errors="0" timestamp="2023-05-03T20:28:38" hostname="DESKTOP-3J2J7JK" time="0.029">
  <properties/>
  <testcase name="testDeleteCommunity()" classname="com.backend.userservicetests.services.CommunityServiceTests" time="0.009"/>
  <testcase name="testGetArtistIdOfCommunity()" classname="com.backend.userservicetests.services.CommunityServiceTests" time="0.003"/>
  <testcase name="testGetAllCommunities()" classname="com.backend.userservicetests.services.CommunityServiceTests" time="0.002"/>
  <testcase name="testCreateCommunity()" classname="com.backend.userservicetests.services.CommunityServiceTests" time="0.003"/>
  <testcase name="testGetCommunityFromId()" classname="com.backend.userservicetests.services.CommunityServiceTests" time="0.003"/>
  <testcase name="testCheckIfUserIsInCommunity()" classname="com.backend.userservicetests.services.CommunityServiceTests" time="0.004"/>
  <system-out><![CDATA[
  .   ____          _            __ _ _
 /\\ / ___'_ __ _ _(_)_ __  __ _ \ \ \ \
( ( )\___ | '_ | '_| | '_ \/ _` | \ \ \ \
 \\/  ___)| |_)| | | | | || (_| |  ) ) ) )
  '  |____| .__|_| |_|_| |_\__, | / / / /
 =========|_|==============|___/=/_/_/_/
 :: Spring Boot ::                (v3.0.2)

2023-05-03T22:28:38.716+02:00  INFO 12572 --- [    Test worker] c.b.u.services.CommunityServiceTests     : Starting CommunityServiceTests using Java 17.0.6 with PID 12572 (started by Mitran Matei in C:\Users\Mitran Matei\Desktop\Fontys\Semester 6\S6-YouSound\backend\yousound\user-service)
2023-05-03T22:28:38.717+02:00  INFO 12572 --- [    Test worker] c.b.u.services.CommunityServiceTests     : No active profile set, falling back to 1 default profile: "default"
2023-05-03T22:28:38.840+02:00  INFO 12572 --- [    Test worker] c.b.u.services.CommunityServiceTests     : Started CommunityServiceTests in 0.142 seconds (process running for 4.755)
]]></system-out>
  <system-err><![CDATA[]]></system-err>
</testsuite>
