<?xml version="1.0" encoding="UTF-8"?>
<testsuite name="com.backend.userservicetests.controllers.UserControllerTests" tests="3" skipped="0" failures="0" errors="0" timestamp="2023-04-17T10:32:55" hostname="LAPTOP-B5B6RA7N" time="0.373">
  <properties/>
  <testcase name="testGetAllUsers()" classname="com.backend.userservicetests.controllers.UserControllerTests" time="0.316"/>
  <testcase name="testUpdateUserRole()" classname="com.backend.userservicetests.controllers.UserControllerTests" time="0.043"/>
  <testcase name="testGetUserById()" classname="com.backend.userservicetests.controllers.UserControllerTests" time="0.011"/>
  <system-out><![CDATA[12:32:51.610 [Test worker] DEBUG org.springframework.test.context.support.AbstractContextLoader - Could not detect default resource locations for test class [com.backend.userservicetests.controllers.UserControllerTests]: no resource found for suffixes {-context.xml, Context.groovy}.
12:32:51.703 [Test worker] DEBUG org.springframework.boot.test.autoconfigure.web.servlet.WebMvcTestContextBootstrapper - Using ContextCustomizers for test class [UserControllerTests]: [DisableAutoConfigurationContextCustomizer, DisableObservabilityContextCustomizer, TypeExcludeFiltersContextCustomizer, PropertyMappingContextCustomizer, Customizer, ImportsContextCustomizer, ExcludeFilterContextCustomizer, DuplicateJsonObjectContextCustomizer, MockitoContextCustomizer]
12:32:51.772 [Test worker] DEBUG org.springframework.boot.test.autoconfigure.web.servlet.WebMvcTestContextBootstrapper - Using TestExecutionListeners for test class [UserControllerTests]: [ServletTestExecutionListener, DirtiesContextBeforeModesTestExecutionListener, ApplicationEventsTestExecutionListener, MockitoTestExecutionListener, DependencyInjectionTestExecutionListener, DirtiesContextTestExecutionListener, TransactionalTestExecutionListener, SqlScriptsTestExecutionListener, EventPublishingTestExecutionListener, RestDocsTestExecutionListener, MockRestServiceServerResetTestExecutionListener, MockMvcPrintOnlyOnFailureTestExecutionListener, WebDriverTestExecutionListener, MockWebServiceServerTestExecutionListener, ResetMocksTestExecutionListener]
12:32:51.774 [Test worker] DEBUG org.springframework.test.context.support.AbstractDirtiesContextTestExecutionListener - Before test class: class [UserControllerTests], class annotated with @DirtiesContext [false] with mode [null]

  .   ____          _            __ _ _
 /\\ / ___'_ __ _ _(_)_ __  __ _ \ \ \ \
( ( )\___ | '_ | '_| | '_ \/ _` | \ \ \ \
 \\/  ___)| |_)| | | | | || (_| |  ) ) ) )
  '  |____| .__|_| |_|_| |_\__, | / / / /
 =========|_|==============|___/=/_/_/_/
 :: Spring Boot ::                (v3.0.2)

2023-04-17T12:32:52.280+02:00  INFO 11908 --- [    Test worker] c.b.u.controllers.UserControllerTests    : Starting UserControllerTests using Java 17.0.2 with PID 11908 (started by Matei Mitran in C:\Users\Matei Mitran\Desktop\S6-YouSound\backend\yousound\user-service)
2023-04-17T12:32:52.282+02:00  INFO 11908 --- [    Test worker] c.b.u.controllers.UserControllerTests    : No active profile set, falling back to 1 default profile: "default"
2023-04-17T12:32:55.017+02:00  INFO 11908 --- [    Test worker] o.s.b.t.m.w.SpringBootMockServletContext : Initializing Spring TestDispatcherServlet ''
2023-04-17T12:32:55.017+02:00  INFO 11908 --- [    Test worker] o.s.t.web.servlet.TestDispatcherServlet  : Initializing Servlet ''
2023-04-17T12:32:55.025+02:00  INFO 11908 --- [    Test worker] o.s.t.web.servlet.TestDispatcherServlet  : Completed initialization in 2 ms
2023-04-17T12:32:55.074+02:00  INFO 11908 --- [    Test worker] c.b.u.controllers.UserControllerTests    : Started UserControllerTests in 3.217 seconds (process running for 5.147)
]]></system-out>
  <system-err><![CDATA[]]></system-err>
</testsuite>
