<?xml version="1.0" encoding="UTF-8"?>
<testsuite name="com.backend.userservicetests.services.UserServiceTests" tests="3" skipped="0" failures="0" errors="0" timestamp="2023-04-16T17:01:19" hostname="LAPTOP-B5B6RA7N" time="0.014">
  <properties/>
  <testcase name="testGetAllUsers()" classname="com.backend.userservicetests.services.UserServiceTests" time="0.004"/>
  <testcase name="testUpdateUserRole()" classname="com.backend.userservicetests.services.UserServiceTests" time="0.004"/>
  <testcase name="testGetUserById()" classname="com.backend.userservicetests.services.UserServiceTests" time="0.004"/>
  <system-out><![CDATA[
  .   ____          _            __ _ _
 /\\ / ___'_ __ _ _(_)_ __  __ _ \ \ \ \
( ( )\___ | '_ | '_| | '_ \/ _` | \ \ \ \
 \\/  ___)| |_)| | | | | || (_| |  ) ) ) )
  '  |____| .__|_| |_|_| |_\__, | / / / /
 =========|_|==============|___/=/_/_/_/
 :: Spring Boot ::                (v3.0.2)

2023-04-16T19:01:19.466+02:00  INFO 15604 --- [    Test worker] c.b.u.services.UserServiceTests          : Starting UserServiceTests using Java 17.0.2 with PID 15604 (started by Matei Mitran in C:\Users\Matei Mitran\Desktop\S6-YouSound\backend\yousound\user-service)
2023-04-16T19:01:19.466+02:00  INFO 15604 --- [    Test worker] c.b.u.services.UserServiceTests          : No active profile set, falling back to 1 default profile: "default"
2023-04-16T19:01:19.517+02:00  INFO 15604 --- [    Test worker] c.b.u.services.UserServiceTests          : Started UserServiceTests in 0.073 seconds (process running for 5.263)
]]></system-out>
  <system-err><![CDATA[]]></system-err>
</testsuite>
